<?xml version="1.0" encoding="UTF-8"?>
<!-- Generated by org.testng.reporters.JUnitReportReporter -->
<testsuite hostname="DESKTOP-81ARGGN" failures="0" tests="2" name="com.synechron.test.SignInTest" time="50.387" errors="0" timestamp="2022-01-24T16:42:30 IST" skipped="0">
  <testcase classname="com.synechron.test.SignInTest" name="invalidCredentialTest" time="25.621"/>
  <system-out/>
  <testcase classname="com.synechron.test.SignInTest" name="invalidCredentialTest" time="24.766"/>
  <system-out/>
</testsuite> <!-- com.synechron.test.SignInTest -->
