<?xml version="1.0" encoding="UTF-8"?>
<!-- Generated by org.testng.reporters.JUnitReportReporter -->
<testsuite hostname="DESKTOP-81ARGGN" failures="0" tests="1" name="com.synechron.test.SignUpTest" time="32.573" errors="0" timestamp="2022-01-24T15:29:41 IST" skipped="0">
  <testcase classname="com.synechron.test.SignUpTest" name="validRegistrationTest" time="32.573"/>
  <system-out/>
</testsuite> <!-- com.synechron.test.SignUpTest -->
