<?xml version="1.0" encoding="UTF-8"?>
<!-- Generated by org.testng.reporters.JUnitReportReporter -->
<testsuite hostname="DESKTOP-81ARGGN" failures="0" tests="1" name="com.synechron.test.SignInTest" time="44.338" errors="0" timestamp="2022-01-25T16:45:49 IST" skipped="0">
  <testcase classname="com.synechron.test.SignInTest" name="invalidCredentialTest" time="44.338"/>
  <system-out/>
</testsuite> <!-- com.synechron.test.SignInTest -->
