<?xml version="1.0" encoding="UTF-8"?>
<!-- Generated by org.testng.reporters.JUnitReportReporter -->
<testsuite hostname="DESKTOP-81ARGGN" failures="0" tests="1" name="com.synechron.test.DemoTest" time="17.967" errors="0" timestamp="2022-01-25T14:38:30 IST" skipped="0">
  <testcase classname="com.synechron.test.DemoTest" name="readExcelDynamic" time="17.967"/>
  <system-out/>
</testsuite> <!-- com.synechron.test.DemoTest -->
