<?xml version="1.0" encoding="UTF-8"?>
<!-- Generated by org.testng.reporters.JUnitReportReporter -->
<testsuite hostname="DESKTOP-81ARGGN" failures="0" tests="2" name="com.synechron.test.SignUpTest" time="69.610" errors="0" timestamp="2022-01-25T15:02:07 IST" skipped="0">
  <testcase classname="com.synechron.test.SignUpTest" name="validRegistrationTest" time="34.369"/>
  <system-out/>
  <testcase classname="com.synechron.test.SignUpTest" name="validRegistrationTest" time="35.241"/>
  <system-out/>
</testsuite> <!-- com.synechron.test.SignUpTest -->
