<?xml version="1.0" encoding="UTF-8"?>
<!-- Generated by org.testng.reporters.JUnitReportReporter -->
<testsuite hostname="DESKTOP-81ARGGN" failures="0" tests="1" name="com.synechron.test.demo" time="0.028" errors="0" timestamp="2022-01-25T15:27:28 IST" skipped="0">
  <testcase classname="com.synechron.test.demo" name="dir" time="0.028"/>
  <system-out/>
</testsuite> <!-- com.synechron.test.demo -->
